# JRE version: Java(TM) SE Runtime Environment (8.0_51-b16) (build 1.8.0_51-b16)
# Java VM: Java HotSpot(TM) 64-Bit Server VM (25.51-b03 mixed mode windows-amd64 compressed oops)
Heap:
 PSYoungGen      total 38400K, used 3993K [0x00000000eab00000, 0x00000000ed580000, 0x0000000100000000)
  eden space 33280K, 12% used [0x00000000eab00000,0x00000000eaee67f8,0x00000000ecb80000)
  from space 5120K, 0% used [0x00000000ecb80000,0x00000000ecb80000,0x00000000ed080000)
  to   space 5120K, 0% used [0x00000000ed080000,0x00000000ed080000,0x00000000ed580000)
 ParOldGen       total 36352K, used 2553K [0x00000000c0000000, 0x00000000c2380000, 0x00000000eab00000)
  object space 36352K, 7% used [0x00000000c0000000,0x00000000c027e6d0,0x00000000c2380000)
 Metaspace       used 4854K, capacity 5936K, committed 6272K, reserved 1058816K
  class space    used 530K, capacity 552K, committed 640K, reserved 1048576K
GC Heap History (4 events):
Event: 1.860 GC heap before
{Heap before GC invocations=1 (full 0):
 PSYoungGen      total 38400K, used 10658K [0x00000000eab00000, 0x00000000ed580000, 0x0000000100000000)
  eden space 33280K, 32% used [0x00000000eab00000,0x00000000eb568840,0x00000000ecb80000)
  from space 5120K, 0% used [0x00000000ed080000,0x00000000ed080000,0x00000000ed580000)
  to   space 5120K, 0% used [0x00000000ecb80000,0x00000000ecb80000,0x00000000ed080000)
 ParOldGen       total 87552K, used 0K [0x00000000c0000000, 0x00000000c5580000, 0x00000000eab00000)
  object space 87552K, 0% used [0x00000000c0000000,0x00000000c0000000,0x00000000c5580000)
 Metaspace       used 4789K, capacity 5872K, committed 6016K, reserved 1060864K
  class space    used 525K, capacity 552K, committed 640K, reserved 1048576K
Event: 1.865 GC heap after
Heap after GC invocations=1 (full 0):
 PSYoungGen      total 38400K, used 2726K [0x00000000eab00000, 0x00000000ed580000, 0x0000000100000000)
  eden space 33280K, 0% used [0x00000000eab00000,0x00000000eab00000,0x00000000ecb80000)
  from space 5120K, 53% used [0x00000000ecb80000,0x00000000ece298d8,0x00000000ed080000)
  to   space 5120K, 0% used [0x00000000ed080000,0x00000000ed080000,0x00000000ed580000)
 ParOldGen       total 87552K, used 8K [0x00000000c0000000, 0x00000000c5580000, 0x00000000eab00000)
  object space 87552K, 0% used [0x00000000c0000000,0x00000000c0002000,0x00000000c5580000)
 Metaspace       used 4789K, capacity 5872K, committed 6016K, reserved 1060864K
  class space    used 525K, capacity 552K, committed 640K, reserved 1048576K
}
Event: 1.865 GC heap before
{Heap before GC invocations=2 (full 1):
 PSYoungGen      total 38400K, used 2726K [0x00000000eab00000, 0x00000000ed580000, 0x0000000100000000)
  eden space 33280K, 0% used [0x00000000eab00000,0x00000000eab00000,0x00000000ecb80000)
  from space 5120K, 53% used [0x00000000ecb80000,0x00000000ece298d8,0x00000000ed080000)
  to   space 5120K, 0% used [0x00000000ed080000,0x00000000ed080000,0x00000000ed580000)
 ParOldGen       total 87552K, used 8K [0x00000000c0000000, 0x00000000c5580000, 0x00000000eab00000)
  object space 87552K, 0% used [0x00000000c0000000,0x00000000c0002000,0x00000000c5580000)
 Metaspace       used 4789K, capacity 5872K, committed 6016K, reserved 1060864K
  class space    used 525K, capacity 552K, committed 640K, reserved 1048576K
Event: 1.879 GC heap after
Heap after GC invocations=2 (full 1):
 PSYoungGen      total 38400K, used 0K [0x00000000eab00000, 0x00000000ed580000, 0x0000000100000000)
  eden space 33280K, 0% used [0x00000000eab00000,0x00000000eab00000,0x00000000ecb80000)
  from space 5120K, 0% used [0x00000000ecb80000,0x00000000ecb80000,0x00000000ed080000)
  to   space 5120K, 0% used [0x00000000ed080000,0x00000000ed080000,0x00000000ed580000)
 ParOldGen       total 36352K, used 2553K [0x00000000c0000000, 0x00000000c2380000, 0x00000000eab00000)
  object space 36352K, 7% used [0x00000000c0000000,0x00000000c027e6d0,0x00000000c2380000)
 Metaspace       used 4789K, capacity 5872K, committed 6016K, reserved 1058816K
  class space    used 525K, capacity 552K, committed 640K, reserved 1048576K
}

